{
	"id":"3d489e45d4fa4a969ac8160ea28c30e7",
	"userid":"352054079",
	"date":"Fri, 16 Jun 2017 17:34:33 +0700",
	"message":"Receive command kubectl."
},
{
	"id":"d73a57543e14b0d4e95b3e07a6917a2c",
	"userid":"352054079",
	"date":"Fri, 16 Jun 2017 17:34:33 +0700",
	"message":"Unauthorized user.\n"
},
{
	"id":"94809f93ab9837f1dc9ce1fb7a339ee3",
	"userid":"382095848",
	"date":"Fri, 16 Jun 2017 17:35:19 +0700",
	"message":"Receive command deploy."
},
{
	"id":"94809f93ab9837f1dc9ce1fb7a339ee3",
	"userid":"382095848",
	"date":"Fri, 16 Jun 2017 17:35:35 +0700",
	"message":"Receive command deploy."
},
{
	"id":"94809f93ab9837f1dc9ce1fb7a339ee3",
	"userid":"382095848",
	"date":"Fri, 16 Jun 2017 17:37:11 +0700",
	"message":"Receive command deploy."
},
{
	"id":"3d489e45d4fa4a969ac8160ea28c30e7",
	"userid":"382095848",
	"date":"Fri, 16 Jun 2017 17:37:29 +0700",
	"message":"Receive command kubectl."
},
{
	"id":"94809f93ab9837f1dc9ce1fb7a339ee3",
	"userid":"382095848",
	"date":"Fri, 16 Jun 2017 17:45:09 +0700",
	"message":"Receive command deploy."
},
{
	"id":"94809f93ab9837f1dc9ce1fb7a339ee3",
	"userid":"382095848",
	"date":"Fri, 16 Jun 2017 17:46:28 +0700",
	"message":"Receive command deploy."
}