{
	"id":"a3257b7ce4e77a9542b995a89b22fd50",
	"userid":"382095848",
	"date":"Fri, 23 Jun 2017 01:28:54 +0700",
	"message":"Receive command \"Deploy\"."
},
{
	"id":"5d51065895d20ab631a55e00bab75902",
	"userid":"382095848",
	"date":"Fri, 23 Jun 2017 01:28:54 +0700",
	"message":"Project: projectA. Reading info file error."
},
{
	"id":"a3257b7ce4e77a9542b995a89b22fd50",
	"userid":"382095848",
	"date":"Fri, 23 Jun 2017 01:31:56 +0700",
	"message":"Receive command \"Deploy\"."
},
{
	"id":"5d51065895d20ab631a55e00bab75902",
	"userid":"382095848",
	"date":"Fri, 23 Jun 2017 01:31:56 +0700",
	"message":"Project: projectA. Reading info file error."
},
{
	"id":"a3257b7ce4e77a9542b995a89b22fd50",
	"userid":"382095848",
	"date":"Fri, 23 Jun 2017 01:32:56 +0700",
	"message":"Receive command \"Deploy\"."
}