{
	"id": "a3257b7ce4e77a9542b995a89b22fd50",
	"userid": "382095848",
	"date": "Fri, 23 Jun 2017 02:35:56 +0700",
	"message": "Receive command \"Deploy\"."
},
{
	"id": "05fa809ce57b7cb988bb1b25f59a75d6",
	"userid": "382095848",
	"date": "Fri, 23 Jun 2017 02:35:56 +0700",
	"message": "Project: project not found."
},
{
	"id": "a3257b7ce4e77a9542b995a89b22fd50",
	"userid": "382095848",
	"date": "Fri, 23 Jun 2017 02:36:19 +0700",
	"message": "Receive command \"Deploy\"."
},
{
	"id": "390eac9e1c398dbaece7f6a60927b884",
	"userid": "382095848",
	"date": "Fri, 23 Jun 2017 02:36:24 +0700",
	"message": "Deploy project: projectA - version: latest - env: production."
}