{
	"id":"94809f93ab9837f1dc9ce1fb7a339ee3",
	"userid":"382095848",
	"date":"Fri, 16 Jun 2017 00:21:18 +0700",
	"message":"Receive command deploy."
},
{
	"id":"98566dd29c43dca0f6760c33e4fb4ff9",
	"userid":"382095848",
	"date":"Fri, 16 Jun 2017 00:21:18 +0700",
	"message":"Unknown flag: info."
},
{
	"id":"94809f93ab9837f1dc9ce1fb7a339ee3",
	"userid":"382095848",
	"date":"Fri, 16 Jun 2017 00:21:30 +0700",
	"message":"Receive command deploy."
},
{
	"id":"94809f93ab9837f1dc9ce1fb7a339ee3",
	"userid":"382095848",
	"date":"Fri, 16 Jun 2017 00:23:04 +0700",
	"message":"Receive command deploy."
},
{
	"id":"94809f93ab9837f1dc9ce1fb7a339ee3",
	"userid":"382095848",
	"date":"Fri, 16 Jun 2017 00:23:45 +0700",
	"message":"Receive command deploy."
},
{
	"id":"0e96866a1c5cee352d354da5a0d5015d",
	"userid":"382095848",
	"date":"Fri, 16 Jun 2017 00:23:45 +0700",
	"message":"Unknown flag: show."
},
{
	"id":"94809f93ab9837f1dc9ce1fb7a339ee3",
	"userid":"382095848",
	"date":"Fri, 16 Jun 2017 00:23:58 +0700",
	"message":"Receive command deploy."
}