{
	"id": "ac86e3f8c38ad92e8d904a60af2af14a",
	"userid": "382095848",
	"date": "Fri, 23 Jun 2017 10:47:48 +0700",
	"message": "Receive command -Deploy-."
},
{
	"id": "befe0f7ff9393a47232cd1de182b2a4c",
	"userid": "382095848",
	"date": "Fri, 23 Jun 2017 10:47:52 +0700",
	"message": "Deploy project:projectA - version:latest - env:production."
},
{
	"id": "e296b86d113c9c7e238f8ee3dbb3fa4b",
	"userid": "382095848",
	"date": "Fri, 23 Jun 2017 10:48:13 +0700",
	"message": "Receive command -Update-."
},
{
	"id": "d406690f58775fcda6d609b5c548750d",
	"userid": "382095848",
	"date": "Fri, 23 Jun 2017 10:48:13 +0700",
	"message": "Unknown flag: prod."
}