{
	"id":"94809f93ab9837f1dc9ce1fb7a339ee3",
	"userid":"382095848",
	"date":"Fri, 16 Jun 2017 00:15:33 +0700",
	"message":"Receive command deploy."
},
{
	"id":"49778b47bf1189c8edde18de9baeb5f4",
	"userid":"382095848",
	"date":"Fri, 16 Jun 2017 00:15:33 +0700",
	"message":"projectManager - Not allow to run: deploy info command.Permission denied."
},
{
	"id":"94809f93ab9837f1dc9ce1fb7a339ee3",
	"userid":"382095848",
	"date":"Fri, 16 Jun 2017 00:15:57 +0700",
	"message":"Receive command deploy."
},
{
	"id":"58e292b5519a55b458df8b0edb330c80",
	"userid":"382095848",
	"date":"Fri, 16 Jun 2017 00:15:57 +0700",
	"message":"projectManager - Not allow to run: deploy abc command.Permission denied."
},
{
	"id":"3d489e45d4fa4a969ac8160ea28c30e7",
	"userid":"382095848",
	"date":"Fri, 16 Jun 2017 00:16:23 +0700",
	"message":"Receive command kubectl."
}