{
	"id": "3daeaddd7e5226c4577bb041342b55bf",
	"userid": "382095848",
	"date": "Sun, 25 Jun 2017 00:25:08 +0700",
	"message": "Receive command Deploy."
},
{
	"id": "84ce8588d1eb376cb7cb44b256750f8d",
	"userid": "382095848",
	"date": "Sun, 25 Jun 2017 00:25:10 +0700",
	"message": "Deploy project: demo image:gn1k/push-thesis-jenkins|version:latest|env:production."
},
{
	"id": "3daeaddd7e5226c4577bb041342b55bf",
	"userid": "382095848",
	"date": "Sun, 25 Jun 2017 00:25:35 +0700",
	"message": "Receive command Deploy."
},
{
	"id": "3ed681094970e93c2ef16a16047424f0",
	"userid": "382095848",
	"date": "Sun, 25 Jun 2017 00:25:38 +0700",
	"message": "Delete/Cancel project:demo|env:production. Completed."
},
{
	"id": "3daeaddd7e5226c4577bb041342b55bf",
	"userid": "382095848",
	"date": "Sun, 25 Jun 2017 00:26:33 +0700",
	"message": "Receive command Deploy."
},
{
	"id": "84ce8588d1eb376cb7cb44b256750f8d",
	"userid": "382095848",
	"date": "Sun, 25 Jun 2017 00:26:34 +0700",
	"message": "Deploy project: demo image:gn1k/push-thesis-jenkins|version:latest|env:production."
}