{
	"id":"b519482f52822532a719283e4eb84c8b",
	"userid":"382095848",
	"date":"Tue, 20 Jun 2017 17:01:33 +0700",
	"message":"Receive command info."
},
{
	"id":"3d489e45d4fa4a969ac8160ea28c30e7",
	"userid":"382095848",
	"date":"Tue, 20 Jun 2017 17:04:41 +0700",
	"message":"Receive command kubectl."
},
{
	"id":"3d489e45d4fa4a969ac8160ea28c30e7",
	"userid":"382095848",
	"date":"Tue, 20 Jun 2017 17:05:05 +0700",
	"message":"Receive command kubectl."
},
{
	"id":"b519482f52822532a719283e4eb84c8b",
	"userid":"382095848",
	"date":"Tue, 20 Jun 2017 17:05:06 +0700",
	"message":"Receive command info."
}